<?xml version="1.0" encoding="UTF-8"?>
<!-- Generated by org.testng.reporters.JUnitXMLReporter -->
<testsuite hostname="User-PC" ignored="0" name="Default test" tests="4" failures="0" timestamp="26 Feb 2019 15:17:17 GMT" time="0.072" errors="0">
  <testcase name="add" time="0.015" classname="org.TestNgTest.NewTest"/>
  <testcase name="div" time="0.001" classname="org.TestNgTest.NewTest"/>
  <testcase name="mul" time="0.007" classname="org.TestNgTest.NewTest"/>
  <testcase name="sub" time="0.001" classname="org.TestNgTest.NewTest"/>
</testsuite> <!-- Default test -->
