<?xml version="1.0" encoding="UTF-8"?>
<!-- Generated by org.testng.reporters.JUnitXMLReporter -->
<testsuite hostname="User-PC" ignored="0" name="Test" tests="4" failures="1" timestamp="26 Feb 2019 17:02:17 GMT" time="0.1" errors="0">
  <testcase name="add" time="0.008" classname="org.TestNgTest.NewTest">
    <failure type="java.lang.Error" message="Unresolved compilation problem: 
	String literal is not properly closed by a double-quote
">
      <![CDATA[java.lang.Error: Unresolved compilation problem: 
String literal is not properly closed by a double-quote

at org.TestNgTest.NewTest.add(NewTest.java:13)
... Removed 29 stack frames]]>
    </failure>
  </testcase> <!-- add -->
  <testcase name="div" time="0.001" classname="org.TestNgTest.NewTest"/>
  <testcase name="mul" time="0.0" classname="org.TestNgTest.NewTest"/>
  <testcase name="sub" time="0.0" classname="org.TestNgTest.NewTest"/>
</testsuite> <!-- Test -->
