<?xml version="1.0" encoding="UTF-8"?>
<testsuite xmlns:xsi="http://www.w3.org/2001/XMLSchema-instance" xsi:noNamespaceSchemaLocation="https://maven.apache.org/surefire/maven-surefire-plugin/xsd/surefire-test-report-3.0.xsd" version="3.0" name="TestSuite" time="1.938" tests="4" errors="0" skipped="0" failures="1">
  <properties>
[...]
</properties>
  <testcase name="add" classname="org.TestNgTest.NewTest" time="0.001">
    <failure message="Unresolved compilation problem: &#10;	String literal is not properly closed by a double-quote&#10;" type="java.lang.Error">java.lang.Error: 
Unresolved compilation problem: 
	String literal is not properly closed by a double-quote

	at org.TestNgTest.NewTest.add(NewTest.java:13)
</failure>
  </testcase>
  <testcase name="div" classname="org.TestNgTest.NewTest" time="0"/>
  <testcase name="mul" classname="org.TestNgTest.NewTest" time="0"/>
  <testcase name="sub" classname="org.TestNgTest.NewTest" time="0"/>
</testsuite>