<?xml version="1.0" encoding="UTF-8"?>
<testng-results skipped="0" failed="0" ignored="0" total="4" passed="4">
  <reporter-output>
  </reporter-output>
  <suite name="Default suite" duration-ms="72" started-at="2019-02-26T15:17:16Z" finished-at="2019-02-26T15:17:16Z">
    <groups>
    </groups>
    <test name="Default test" duration-ms="72" started-at="2019-02-26T15:17:16Z" finished-at="2019-02-26T15:17:16Z">
      <class name="org.TestNgTest.NewTest">
        <test-method status="PASS" signature="add()[pri:0, instance:org.TestNgTest.NewTest@4678c730]" name="add" duration-ms="15" started-at="2019-02-26T15:17:16Z" finished-at="2019-02-26T15:17:16Z">
          <reporter-output>
          </reporter-output>
        </test-method> <!-- add -->
        <test-method status="PASS" signature="div()[pri:0, instance:org.TestNgTest.NewTest@4678c730]" name="div" duration-ms="1" started-at="2019-02-26T15:17:16Z" finished-at="2019-02-26T15:17:16Z">
          <reporter-output>
          </reporter-output>
        </test-method> <!-- div -->
        <test-method status="PASS" signature="mul()[pri:0, instance:org.TestNgTest.NewTest@4678c730]" name="mul" duration-ms="7" started-at="2019-02-26T15:17:16Z" finished-at="2019-02-26T15:17:16Z">
          <reporter-output>
          </reporter-output>
        </test-method> <!-- mul -->
        <test-method status="PASS" signature="sub()[pri:0, instance:org.TestNgTest.NewTest@4678c730]" name="sub" duration-ms="1" started-at="2019-02-26T15:17:16Z" finished-at="2019-02-26T15:17:16Z">
          <reporter-output>
          </reporter-output>
        </test-method> <!-- sub -->
      </class> <!-- org.TestNgTest.NewTest -->
    </test> <!-- Default test -->
  </suite> <!-- Default suite -->
</testng-results>
